<?xml version="1.0" encoding="UTF-8"?>
<!-- Generated by org.testng.reporters.JUnitReportReporter -->
<testsuite hostname="LAPTOP-U8KMG2MQ" failures="0" tests="6" name="wmi.um.MultiplyNGTest" time="0.047" errors="0" timestamp="15 Nov 2019 12:06:29 GMT">
  <testcase classname="wmi.um.MultiplyNGTest" name="testMultiply" time="0.016"/>
  <testcase classname="wmi.um.MultiplyNGTest" name="testMultiply4" time="0.016"/>
  <testcase classname="wmi.um.MultiplyNGTest" name="testMultiply5" time="0.000"/>
  <testcase classname="wmi.um.MultiplyNGTest" name="testMultiply2" time="0.015"/>
  <testcase classname="wmi.um.MultiplyNGTest" name="testMultiply3" time="0.000"/>
  <testcase classname="wmi.um.MultiplyNGTest" name="testMultiply6" time="0.000"/>
</testsuite> <!-- wmi.um.MultiplyNGTest -->
